
ROM used:   1014/8192 (12%)
            1014/8192 (12%) including unused fragments

            0.7 Average locations per line
            2.9 Average locations per statement

RAM used:   26/368 (7%) at main() level
            50/368 (14%) worst case

Stack used: 8 worst case (4 in main + 4 for interrupts)
Stack size: 8

Lines Stmts  %   Files
----- ----- ---  -----
   61    32   9  main.c
   11     0   0  main.h
  671     0   0  ..\..\..\..\..\Program Files (x86)\PICC\Devices\16F877A.h
   37     0   0  ..\..\..\..\..\Program Files (x86)\PICC\Drivers\stdio.h
  423   125  36  ..\..\..\..\..\Program Files (x86)\PICC\Drivers\string.h
   32     0   0  ..\..\..\..\..\Program Files (x86)\PICC\Drivers\stddef.h
   28     0   0  ..\..\..\..\..\Program Files (x86)\PICC\Drivers\ctype.h
  165    72  21  mod_lcd.c
   36   119  34  teclado.c
----- -----
 1464   348 Total

Page ROM  %  RAM   Vol Diff  Functions:
---- --- --- ---   --- ----  ----------
0     20   2    1             @delay_ms1
0      8   1    0             @const716
0     39   4    1   260  1.9  lcd_envia_nibble
0     33   3    3   176  2.7  lcd_envia_byte
0     91   9    2   433  4.3  lcd_ini
 Inline         4   186  5.5  lcd_pos_xy
0     55   5    1   290  4.1  lcd_escreve
 Inline         2  3283  4.4  tc_tecla
0    489  48    2   430  4.6  RB_isr
0      6   1    0   457  4.6  @const744
0      6   1    0   302  3.1  @const745
 Inline         5             @PSTRINGCN7_732
 Inline         2   277  2.2  @PSTRINGR_732
0     83   8    1   277  2.2  MAIN
0      5   0    0   277  2.2  @const752
0    100  10    4   277  2.2  @PSTRINGC7_732
 Inline         0             @cinit1

Program metrics:
    Functions               13
    Statements              348
    Comments                350
    Volume (V)              10535
    Difficulty (D)          44.4
    Effort to implement (E) 467423
    Time to implement (T)   7 hours, 13 minutes
    Est Delivered Bugs (B)  2
    Cyclomatic Complexity   30
    Maintainability (MI)    132

 Segment     Used  Free
-----------  ----  ----
00000-00003     4  0  
00004-0004E    75  0  
0004F-007FF   935  1034  
00800-00FFF     0  2048  
01000-017FF     0  2048  
01800-01FFF     0  2048  



